-- Found ament_cmake: 1.3.11 (/opt/ros/humble/share/ament_cmake/cmake)
-- Found rclcpp: 16.0.12 (/opt/ros/humble/share/rclcpp/cmake)
-- Found rosidl_generator_c: 3.1.6 (/opt/ros/humble/share/rosidl_generator_c/cmake)
-- Found rosidl_adapter: 3.1.6 (/opt/ros/humble/share/rosidl_adapter/cmake)
-- Found rosidl_generator_cpp: 3.1.6 (/opt/ros/humble/share/rosidl_generator_cpp/cmake)
-- Using all available rosidl_typesupport_c: rosidl_typesupport_fastrtps_c;rosidl_typesupport_introspection_c
-- Using all available rosidl_typesupport_cpp: rosidl_typesupport_fastrtps_cpp;rosidl_typesupport_introspection_cpp
-- Found rmw_implementation_cmake: 6.1.2 (/opt/ros/humble/share/rmw_implementation_cmake/cmake)
-- Found rmw_fastrtps_cpp: 6.2.7 (/opt/ros/humble/share/rmw_fastrtps_cpp/cmake)
-- Using RMW implementation 'rmw_fastrtps_cpp' as default
-- Found sensor_msgs: 4.8.0 (/opt/ros/humble/share/sensor_msgs/cmake)
-- Configuring done
-- Generating done
-- Build files have been written to: /home/kyeom/coding/git_hub/home_iot_ws/build/sensor_node
[ 20%] [32mBuilding CXX object CMakeFiles/sensor_node.dir/src/sensor_node.cpp.o[0m
[ 40%] [32mBuilding CXX object CMakeFiles/temperature_subscriber.dir/src/main.cpp.o[0m
[ 60%] [32mBuilding CXX object CMakeFiles/temperature_subscriber.dir/src/temperature_subscriber.cpp.o[0m
[ 80%] [32m[1mLinking CXX executable sensor_node[0m
[ 80%] Built target sensor_node
[100%] [32m[1mLinking CXX executable temperature_subscriber[0m
[100%] Built target temperature_subscriber
-- Install configuration: ""
-- Installing: /home/kyeom/coding/git_hub/home_iot_ws/install/sensor_node/lib/sensor_node/sensor_node
-- Set runtime path of "/home/kyeom/coding/git_hub/home_iot_ws/install/sensor_node/lib/sensor_node/sensor_node" to ""
-- Installing: /home/kyeom/coding/git_hub/home_iot_ws/install/sensor_node/lib/sensor_node/temperature_subscriber
-- Set runtime path of "/home/kyeom/coding/git_hub/home_iot_ws/install/sensor_node/lib/sensor_node/temperature_subscriber" to ""
-- Installing: /home/kyeom/coding/git_hub/home_iot_ws/install/sensor_node/share/ament_index/resource_index/package_run_dependencies/sensor_node
-- Installing: /home/kyeom/coding/git_hub/home_iot_ws/install/sensor_node/share/ament_index/resource_index/parent_prefix_path/sensor_node
-- Installing: /home/kyeom/coding/git_hub/home_iot_ws/install/sensor_node/share/sensor_node/environment/ament_prefix_path.sh
-- Installing: /home/kyeom/coding/git_hub/home_iot_ws/install/sensor_node/share/sensor_node/environment/ament_prefix_path.dsv
-- Installing: /home/kyeom/coding/git_hub/home_iot_ws/install/sensor_node/share/sensor_node/environment/path.sh
-- Installing: /home/kyeom/coding/git_hub/home_iot_ws/install/sensor_node/share/sensor_node/environment/path.dsv
-- Installing: /home/kyeom/coding/git_hub/home_iot_ws/install/sensor_node/share/sensor_node/local_setup.bash
-- Installing: /home/kyeom/coding/git_hub/home_iot_ws/install/sensor_node/share/sensor_node/local_setup.sh
-- Installing: /home/kyeom/coding/git_hub/home_iot_ws/install/sensor_node/share/sensor_node/local_setup.zsh
-- Installing: /home/kyeom/coding/git_hub/home_iot_ws/install/sensor_node/share/sensor_node/local_setup.dsv
-- Installing: /home/kyeom/coding/git_hub/home_iot_ws/install/sensor_node/share/sensor_node/package.dsv
-- Installing: /home/kyeom/coding/git_hub/home_iot_ws/install/sensor_node/share/ament_index/resource_index/packages/sensor_node
-- Installing: /home/kyeom/coding/git_hub/home_iot_ws/install/sensor_node/share/sensor_node/cmake/sensor_nodeConfig.cmake
-- Installing: /home/kyeom/coding/git_hub/home_iot_ws/install/sensor_node/share/sensor_node/cmake/sensor_nodeConfig-version.cmake
-- Installing: /home/kyeom/coding/git_hub/home_iot_ws/install/sensor_node/share/sensor_node/package.xml
