[0.008s] Invoking command in '/home/kyeom/coding/git_hub/home_iot_ws/build/sensor_node': CMAKE_PREFIX_PATH=/opt/ros/humble /usr/bin/cmake /home/kyeom/coding/git_hub/home_iot_ws/src -DCMAKE_INSTALL_PREFIX=/home/kyeom/coding/git_hub/home_iot_ws/install/sensor_node
[0.022s] -- Found ament_cmake: 1.3.11 (/opt/ros/humble/share/ament_cmake/cmake)
[0.146s] -- Found rclcpp: 16.0.12 (/opt/ros/humble/share/rclcpp/cmake)
[0.173s] -- Found rosidl_generator_c: 3.1.6 (/opt/ros/humble/share/rosidl_generator_c/cmake)
[0.176s] -- Found rosidl_adapter: 3.1.6 (/opt/ros/humble/share/rosidl_adapter/cmake)
[0.182s] -- Found rosidl_generator_cpp: 3.1.6 (/opt/ros/humble/share/rosidl_generator_cpp/cmake)
[0.191s] -- Using all available rosidl_typesupport_c: rosidl_typesupport_fastrtps_c;rosidl_typesupport_introspection_c
[0.203s] -- Using all available rosidl_typesupport_cpp: rosidl_typesupport_fastrtps_cpp;rosidl_typesupport_introspection_cpp
[0.238s] -- Found rmw_implementation_cmake: 6.1.2 (/opt/ros/humble/share/rmw_implementation_cmake/cmake)
[0.239s] -- Found rmw_fastrtps_cpp: 6.2.7 (/opt/ros/humble/share/rmw_fastrtps_cpp/cmake)
[0.335s] -- Using RMW implementation 'rmw_fastrtps_cpp' as default
[0.384s] -- Found sensor_msgs: 4.8.0 (/opt/ros/humble/share/sensor_msgs/cmake)
[0.482s] -- Configuring done
[0.495s] -- Generating done
[0.500s] -- Build files have been written to: /home/kyeom/coding/git_hub/home_iot_ws/build/sensor_node
[0.508s] Invoked command in '/home/kyeom/coding/git_hub/home_iot_ws/build/sensor_node' returned '0': CMAKE_PREFIX_PATH=/opt/ros/humble /usr/bin/cmake /home/kyeom/coding/git_hub/home_iot_ws/src -DCMAKE_INSTALL_PREFIX=/home/kyeom/coding/git_hub/home_iot_ws/install/sensor_node
[0.510s] Invoking command in '/home/kyeom/coding/git_hub/home_iot_ws/build/sensor_node': CMAKE_PREFIX_PATH=/opt/ros/humble /usr/bin/cmake --build /home/kyeom/coding/git_hub/home_iot_ws/build/sensor_node -- -j4 -l4
[0.559s] [ 20%] [32mBuilding CXX object CMakeFiles/sensor_node.dir/src/sensor_node.cpp.o[0m
[0.562s] [ 40%] [32mBuilding CXX object CMakeFiles/temperature_subscriber.dir/src/main.cpp.o[0m
[0.563s] [ 60%] [32mBuilding CXX object CMakeFiles/temperature_subscriber.dir/src/temperature_subscriber.cpp.o[0m
[5.289s] [ 80%] [32m[1mLinking CXX executable sensor_node[0m
[5.523s] [ 80%] Built target sensor_node
[10.325s] [100%] [32m[1mLinking CXX executable temperature_subscriber[0m
[10.700s] [100%] Built target temperature_subscriber
[10.711s] Invoked command in '/home/kyeom/coding/git_hub/home_iot_ws/build/sensor_node' returned '0': CMAKE_PREFIX_PATH=/opt/ros/humble /usr/bin/cmake --build /home/kyeom/coding/git_hub/home_iot_ws/build/sensor_node -- -j4 -l4
[10.721s] Invoking command in '/home/kyeom/coding/git_hub/home_iot_ws/build/sensor_node': CMAKE_PREFIX_PATH=/opt/ros/humble /usr/bin/cmake --install /home/kyeom/coding/git_hub/home_iot_ws/build/sensor_node
[10.727s] -- Install configuration: ""
[10.728s] -- Installing: /home/kyeom/coding/git_hub/home_iot_ws/install/sensor_node/lib/sensor_node/sensor_node
[10.729s] -- Set runtime path of "/home/kyeom/coding/git_hub/home_iot_ws/install/sensor_node/lib/sensor_node/sensor_node" to ""
[10.729s] -- Installing: /home/kyeom/coding/git_hub/home_iot_ws/install/sensor_node/lib/sensor_node/temperature_subscriber
[10.732s] -- Set runtime path of "/home/kyeom/coding/git_hub/home_iot_ws/install/sensor_node/lib/sensor_node/temperature_subscriber" to ""
[10.732s] -- Installing: /home/kyeom/coding/git_hub/home_iot_ws/install/sensor_node/share/ament_index/resource_index/package_run_dependencies/sensor_node
[10.732s] -- Installing: /home/kyeom/coding/git_hub/home_iot_ws/install/sensor_node/share/ament_index/resource_index/parent_prefix_path/sensor_node
[10.732s] -- Installing: /home/kyeom/coding/git_hub/home_iot_ws/install/sensor_node/share/sensor_node/environment/ament_prefix_path.sh
[10.733s] -- Installing: /home/kyeom/coding/git_hub/home_iot_ws/install/sensor_node/share/sensor_node/environment/ament_prefix_path.dsv
[10.733s] -- Installing: /home/kyeom/coding/git_hub/home_iot_ws/install/sensor_node/share/sensor_node/environment/path.sh
[10.733s] -- Installing: /home/kyeom/coding/git_hub/home_iot_ws/install/sensor_node/share/sensor_node/environment/path.dsv
[10.733s] -- Installing: /home/kyeom/coding/git_hub/home_iot_ws/install/sensor_node/share/sensor_node/local_setup.bash
[10.733s] -- Installing: /home/kyeom/coding/git_hub/home_iot_ws/install/sensor_node/share/sensor_node/local_setup.sh
[10.733s] -- Installing: /home/kyeom/coding/git_hub/home_iot_ws/install/sensor_node/share/sensor_node/local_setup.zsh
[10.734s] -- Installing: /home/kyeom/coding/git_hub/home_iot_ws/install/sensor_node/share/sensor_node/local_setup.dsv
[10.734s] -- Installing: /home/kyeom/coding/git_hub/home_iot_ws/install/sensor_node/share/sensor_node/package.dsv
[10.734s] -- Installing: /home/kyeom/coding/git_hub/home_iot_ws/install/sensor_node/share/ament_index/resource_index/packages/sensor_node
[10.734s] -- Installing: /home/kyeom/coding/git_hub/home_iot_ws/install/sensor_node/share/sensor_node/cmake/sensor_nodeConfig.cmake
[10.735s] -- Installing: /home/kyeom/coding/git_hub/home_iot_ws/install/sensor_node/share/sensor_node/cmake/sensor_nodeConfig-version.cmake
[10.735s] -- Installing: /home/kyeom/coding/git_hub/home_iot_ws/install/sensor_node/share/sensor_node/package.xml
[10.736s] Invoked command in '/home/kyeom/coding/git_hub/home_iot_ws/build/sensor_node' returned '0': CMAKE_PREFIX_PATH=/opt/ros/humble /usr/bin/cmake --install /home/kyeom/coding/git_hub/home_iot_ws/build/sensor_node
