[0.009s] Invoking command in '/home/kyeom/coding/git_hub/home_iot_ws/build/sensor_node': /usr/bin/cmake /home/kyeom/coding/git_hub/home_iot_ws/src -DCMAKE_INSTALL_PREFIX=/home/kyeom/coding/git_hub/home_iot_ws/install/sensor_node
[0.024s] -- Found ament_cmake: 1.3.11 (/opt/ros/humble/share/ament_cmake/cmake)
[0.182s] -- Found Python3: /usr/bin/python3 (found version "3.10.12") found components: Interpreter 
[0.276s] -- Found rclcpp: 16.0.12 (/opt/ros/humble/share/rclcpp/cmake)
[0.319s] -- Found rosidl_generator_c: 3.1.6 (/opt/ros/humble/share/rosidl_generator_c/cmake)
[0.324s] -- Found rosidl_adapter: 3.1.6 (/opt/ros/humble/share/rosidl_adapter/cmake)
[0.336s] -- Found rosidl_generator_cpp: 3.1.6 (/opt/ros/humble/share/rosidl_generator_cpp/cmake)
[0.352s] -- Using all available rosidl_typesupport_c: rosidl_typesupport_fastrtps_c;rosidl_typesupport_introspection_c
[0.371s] -- Using all available rosidl_typesupport_cpp: rosidl_typesupport_fastrtps_cpp;rosidl_typesupport_introspection_cpp
[0.418s] -- Found rmw_implementation_cmake: 6.1.2 (/opt/ros/humble/share/rmw_implementation_cmake/cmake)
[0.421s] -- Found rmw_fastrtps_cpp: 6.2.7 (/opt/ros/humble/share/rmw_fastrtps_cpp/cmake)
[0.507s] -- Found OpenSSL: /usr/lib/x86_64-linux-gnu/libcrypto.so (found version "3.0.2")  
[0.535s] -- Found FastRTPS: /opt/ros/humble/include  
[0.574s] -- Using RMW implementation 'rmw_fastrtps_cpp' as default
[0.583s] -- Looking for pthread.h
[0.663s] -- Looking for pthread.h - found
[0.663s] -- Performing Test CMAKE_HAVE_LIBC_PTHREAD
[0.742s] -- Performing Test CMAKE_HAVE_LIBC_PTHREAD - Success
[0.743s] -- Found Threads: TRUE  
[0.799s] -- Found sensor_msgs: 4.8.0 (/opt/ros/humble/share/sensor_msgs/cmake)
[0.837s] [0mCMake Error: File /home/kyeom/coding/git_hub/home_iot_ws/src/package.xml does not exist.[0m
[0.837s] [31mCMake Error at /opt/ros/humble/share/ament_cmake_core/cmake/core/stamp.cmake:24 (configure_file):
[0.837s]   configure_file Problem configuring file
[0.837s] Call Stack (most recent call first):
[0.837s]   /opt/ros/humble/share/ament_cmake_core/cmake/core/ament_package_xml.cmake:73 (stamp)
[0.837s]   /opt/ros/humble/share/ament_cmake_core/cmake/core/ament_package_xml.cmake:49 (_ament_package_xml)
[0.837s]   /opt/ros/humble/share/ament_cmake_core/cmake/core/ament_package.cmake:63 (ament_package_xml)
[0.837s]   CMakeLists.txt:27 (ament_package)
[0.837s] 
[0.837s] [0m
[0.841s] -- Configuring incomplete, errors occurred!
[0.841s] See also "/home/kyeom/coding/git_hub/home_iot_ws/build/sensor_node/CMakeFiles/CMakeOutput.log".
[0.848s] Invoked command in '/home/kyeom/coding/git_hub/home_iot_ws/build/sensor_node' returned '1': /usr/bin/cmake /home/kyeom/coding/git_hub/home_iot_ws/src -DCMAKE_INSTALL_PREFIX=/home/kyeom/coding/git_hub/home_iot_ws/install/sensor_node
