[0.010s] Invoking command in '/home/kyeom/coding/git_hub/home_iot_ws/build/sensor_node': /usr/bin/cmake /home/kyeom/coding/git_hub/home_iot_ws/src -DCMAKE_INSTALL_PREFIX=/home/kyeom/coding/git_hub/home_iot_ws/install/sensor_node
[0.022s] -- Found ament_cmake: 1.3.11 (/opt/ros/humble/share/ament_cmake/cmake)
[0.151s] -- Found rclcpp: 16.0.12 (/opt/ros/humble/share/rclcpp/cmake)
[0.178s] -- Found rosidl_generator_c: 3.1.6 (/opt/ros/humble/share/rosidl_generator_c/cmake)
[0.180s] -- Found rosidl_adapter: 3.1.6 (/opt/ros/humble/share/rosidl_adapter/cmake)
[0.186s] -- Found rosidl_generator_cpp: 3.1.6 (/opt/ros/humble/share/rosidl_generator_cpp/cmake)
[0.195s] -- Using all available rosidl_typesupport_c: rosidl_typesupport_fastrtps_c;rosidl_typesupport_introspection_c
[0.208s] -- Using all available rosidl_typesupport_cpp: rosidl_typesupport_fastrtps_cpp;rosidl_typesupport_introspection_cpp
[0.245s] -- Found rmw_implementation_cmake: 6.1.2 (/opt/ros/humble/share/rmw_implementation_cmake/cmake)
[0.246s] -- Found rmw_fastrtps_cpp: 6.2.7 (/opt/ros/humble/share/rmw_fastrtps_cpp/cmake)
[0.344s] -- Using RMW implementation 'rmw_fastrtps_cpp' as default
[0.393s] -- Found sensor_msgs: 4.8.0 (/opt/ros/humble/share/sensor_msgs/cmake)
[0.424s] [0mCMake Error: File /home/kyeom/coding/git_hub/home_iot_ws/src/package.xml does not exist.[0m
[0.424s] [31mCMake Error at /opt/ros/humble/share/ament_cmake_core/cmake/core/stamp.cmake:24 (configure_file):
[0.425s]   configure_file Problem configuring file
[0.425s] Call Stack (most recent call first):
[0.425s]   /opt/ros/humble/share/ament_cmake_core/cmake/core/ament_package_xml.cmake:73 (stamp)
[0.425s]   /opt/ros/humble/share/ament_cmake_core/cmake/core/ament_package_xml.cmake:49 (_ament_package_xml)
[0.425s]   /opt/ros/humble/share/ament_cmake_core/cmake/core/ament_package.cmake:63 (ament_package_xml)
[0.425s]   CMakeLists.txt:27 (ament_package)
[0.425s] 
[0.425s] [0m
[0.427s] -- Configuring incomplete, errors occurred!
[0.428s] See also "/home/kyeom/coding/git_hub/home_iot_ws/build/sensor_node/CMakeFiles/CMakeOutput.log".
[0.436s] Invoked command in '/home/kyeom/coding/git_hub/home_iot_ws/build/sensor_node' returned '1': /usr/bin/cmake /home/kyeom/coding/git_hub/home_iot_ws/src -DCMAKE_INSTALL_PREFIX=/home/kyeom/coding/git_hub/home_iot_ws/install/sensor_node
