[0.008s] Invoking command in '/home/kyeom/coding/git_hub/home_iot_ws/build/sensor_node': /usr/bin/cmake /home/kyeom/coding/git_hub/home_iot_ws/src -DCMAKE_INSTALL_PREFIX=/home/kyeom/coding/git_hub/home_iot_ws/install/sensor_node
[0.117s] -- The C compiler identification is GNU 12.3.0
[0.197s] -- The CXX compiler identification is GNU 11.4.0
[0.206s] -- Detecting C compiler ABI info
[0.277s] -- Detecting C compiler ABI info - done
[0.285s] -- Check for working C compiler: /usr/bin/cc - skipped
[0.285s] -- Detecting C compile features
[0.286s] -- Detecting C compile features - done
[0.289s] -- Detecting CXX compiler ABI info
[0.367s] -- Detecting CXX compiler ABI info - done
[0.375s] -- Check for working CXX compiler: /usr/bin/c++ - skipped
[0.375s] -- Detecting CXX compile features
[0.376s] -- Detecting CXX compile features - done
[0.389s] [31mCMake Error at CMakeLists.txt:4 (find_package):
[0.390s]   By not providing "Findament_cmake.cmake" in CMAKE_MODULE_PATH this project
[0.390s]   has asked CMake to find a package configuration file provided by
[0.390s]   "ament_cmake", but CMake did not find one.
[0.390s] 
[0.390s]   Could not find a package configuration file provided by "ament_cmake" with
[0.390s]   any of the following names:
[0.390s] 
[0.390s]     ament_cmakeConfig.cmake
[0.390s]     ament_cmake-config.cmake
[0.390s] 
[0.390s]   Add the installation prefix of "ament_cmake" to CMAKE_PREFIX_PATH or set
[0.390s]   "ament_cmake_DIR" to a directory containing one of the above files.  If
[0.390s]   "ament_cmake" provides a separate development package or SDK, be sure it
[0.390s]   has been installed.
[0.390s] 
[0.390s] [0m
[0.390s] -- Configuring incomplete, errors occurred!
[0.390s] See also "/home/kyeom/coding/git_hub/home_iot_ws/build/sensor_node/CMakeFiles/CMakeOutput.log".
[0.392s] Invoked command in '/home/kyeom/coding/git_hub/home_iot_ws/build/sensor_node' returned '1': /usr/bin/cmake /home/kyeom/coding/git_hub/home_iot_ws/src -DCMAKE_INSTALL_PREFIX=/home/kyeom/coding/git_hub/home_iot_ws/install/sensor_node
